Log file open, 09/08/17 13:32:58
LogWindows: LoadLibraryWithSearchPaths failed for file aqProf.dll. GetLastError=0
LogWindows: LoadLibraryWithSearchPaths failed for file VSPerf140.dll. GetLastError=0
LogWindows: LoadLibraryWithSearchPaths failed for file VtuneApi.dll. GetLastError=0
LogWindows: LoadLibraryWithSearchPaths failed for file VtuneApi32e.dll. GetLastError=0
LogInit: Display: Running engine for game: OurProject
LogPlatformFile: Not using cached read wrapper
LogInit: Display: RandInit(-939908658) SRandInit(-939908658).
LogTaskGraph: Started task graph with 5 named threads and 14 total threads with 3 sets of task threads.
LogStats: Stats thread started at 0.157795
LogD3D11RHI: Aftermath initialized
LogPluginManager: Mounting plugin Paper2D
LogPluginManager: Mounting plugin LightPropagationVolume
LogPluginManager: Mounting plugin CodeLiteSourceCodeAccess
LogPluginManager: Mounting plugin GitSourceControl
LogPluginManager: Mounting plugin KDevelopSourceCodeAccess
LogPluginManager: Mounting plugin NullSourceCodeAccess
LogPluginManager: Mounting plugin PerforceSourceControl
LogPluginManager: Mounting plugin SubversionSourceControl
LogPluginManager: Mounting plugin UObjectPlugin
LogPluginManager: Mounting plugin VisualStudioSourceCodeAccess
LogPluginManager: Mounting plugin XCodeSourceCodeAccess
LogPluginManager: Mounting plugin AssetManagerEditor
LogPluginManager: Mounting plugin AudioCapture
LogPluginManager: Mounting plugin FacialAnimation
LogPluginManager: Mounting plugin GameplayTagsEditor
LogPluginManager: Mounting plugin MobileLauncherProfileWizard
LogPluginManager: Mounting plugin PluginBrowser
LogPluginManager: Mounting plugin SpeedTreeImporter
LogPluginManager: Mounting plugin AlembicImporter
LogPluginManager: Mounting plugin CharacterAI
LogPluginManager: Mounting plugin HTML5Networking
LogPluginManager: Mounting plugin AndroidMedia
LogPluginManager: Mounting plugin AvfMedia
LogPluginManager: Mounting plugin MediaPlayerEditor
LogPluginManager: Mounting plugin WmfMedia
LogPluginManager: Mounting plugin TcpMessaging
LogPluginManager: Mounting plugin UdpMessaging
LogPluginManager: Mounting plugin LevelSequenceEditor
LogPluginManager: Mounting plugin MatineeToLevelSequence
LogPluginManager: Mounting plugin OnlineSubsystemGooglePlay
LogPluginManager: Mounting plugin OnlineSubsystemIOS
LogPluginManager: Mounting plugin OnlineSubsystem
LogPluginManager: Mounting plugin OnlineSubsystemNull
LogPluginManager: Mounting plugin OnlineSubsystemUtils
LogPluginManager: Mounting plugin AndroidDeviceProfileSelector
LogPluginManager: Mounting plugin AndroidMoviePlayer
LogPluginManager: Mounting plugin AndroidPermission
LogPluginManager: Mounting plugin AppleMoviePlayer
LogPluginManager: Mounting plugin ArchVisCharacter
LogPluginManager: Mounting plugin CableComponent
LogPluginManager: Mounting plugin CustomMeshComponent
LogPluginManager: Mounting plugin ExampleDeviceProfileSelector
LogPluginManager: Mounting plugin GoogleCloudMessaging
LogPluginManager: Mounting plugin ImmediatePhysics
LogPluginManager: Mounting plugin IOSDeviceProfileSelector
LogPluginManager: Mounting plugin LinuxDeviceProfileSelector
LogPluginManager: Mounting plugin LocationServicesBPLibrary
LogPluginManager: Mounting plugin MobilePatchingUtils
LogPluginManager: Mounting plugin OculusVR
LogPluginManager: Mounting plugin PhysXVehicles
LogPluginManager: Mounting plugin ProceduralMeshComponent
LogPluginManager: Mounting plugin RuntimePhysXCooking
LogPluginManager: Mounting plugin SteamVR
LogPluginManager: Mounting plugin WindowsMoviePlayer
LogInit: Using libcurl 7.47.1
LogInit:  - built for x86_64-pc-win32
LogInit:  - supports SSL with OpenSSL/1.0.2g
LogInit:  - supports HTTP deflate (compression) using libz 1.2.8
LogInit:  - other features:
LogInit:      CURL_VERSION_SSL
LogInit:      CURL_VERSION_LIBZ
LogInit:      CURL_VERSION_IPV6
LogInit:      CURL_VERSION_ASYNCHDNS
LogInit:      CURL_VERSION_LARGEFILE
LogInit:      CURL_VERSION_IDN
LogInit:  CurlRequestOptions (configurable via config and command line):
LogInit:  - bVerifyPeer = false  - Libcurl will NOT verify peer certificate
LogInit:  - bUseHttpProxy = false  - Libcurl will NOT use HTTP proxy
LogInit:  - bDontReuseConnections = false  - Libcurl will reuse connections
LogInit:  - CertBundlePath = nullptr  - Libcurl will use whatever was configured at build time.
LogInit: Build: ++UE4+Release-4.17-CL-3586342
LogInit: Engine Version: 4.17.1-3586342+++UE4+Release-4.17
LogInit: Compatible Engine Version: 4.17.0-3573198+++UE4+Release-4.17
LogInit: Net CL: 3573198
LogDevObjectVersion: Number of dev versions registered: 16
LogDevObjectVersion:   Dev-Blueprints (B0D832E4-1F89-4F0D-ACCF-7EB736FD4AA2): 10
LogDevObjectVersion:   Dev-Build (E1C64328-A22C-4D53-A36C-8E866417BD8C): 0
LogDevObjectVersion:   Dev-Core (375EC13C-06E4-48FB-B500-84F0262A717E): 2
LogDevObjectVersion:   Dev-Editor (E4B068ED-F494-42E9-A231-DA0B2E46BB41): 20
LogDevObjectVersion:   Dev-Framework (CFFC743F-43B0-4480-9391-14DF171D2073): 28
LogDevObjectVersion:   Dev-Mobile (B02B49B5-BB20-44E9-A304-32B752E40360): 0
LogDevObjectVersion:   Dev-Networking (A4E4105C-59A1-49B5-A7C5-40C4547EDFEE): 0
LogDevObjectVersion:   Dev-Online (39C831C9-5AE6-47DC-9A44-9C173E1C8E7C): 0
LogDevObjectVersion:   Dev-Physics (78F01B33-EBEA-4F98-B9B4-84EACCB95AA2): 0
LogDevObjectVersion:   Dev-Platform (6631380F-2D4D-43E0-8009-CF276956A95A): 0
LogDevObjectVersion:   Dev-Rendering (12F88B9F-8875-4AFC-A67C-D90C383ABD29): 19
LogDevObjectVersion:   Dev-Sequencer (7B5AE74C-D270-4C10-A958-57980B212A5A): 4
LogDevObjectVersion:   Dev-VR (D7296918-1DD6-4BDD-9DE2-64A83CC13884): 0
LogDevObjectVersion:   Dev-LoadTimes (C2A15278-BFE7-4AFE-6C17-90FF531DF755): 1
LogDevObjectVersion:   Private-Geometry (6EACA3D4-40EC-4CC1-B786-8BED09428FC5): 1
LogDevObjectVersion:   Dev-AnimPhys (29E575DD-E0A3-4627-9D10-D276232CDCEA): 7
LogInit: Compiled (64-bit): Aug 15 2017 02:05:26
LogInit: Compiled with Visual C++: 19.00.24215.01
LogInit: Build Configuration: Development
LogInit: Branch Name: ++UE4+Release-4.17
LogInit: Command line: -EpicPortal 
LogInit: Base directory: F:/UE_4.17/Engine/Binaries/Win64/
LogInit: Installed Engine Build: 1
LogInit: Presizing for max 8388607 objects, including 0 objects not considered by GC, pre-allocating 0 bytes for permanent pool.
LogInit: Object subsystem initialized
[2017.09.08-11.32.59:049][  0]LogInit: Selected Device Profile: [Windows]
[2017.09.08-11.32.59:049][  0]LogInit: Applying CVar settings loaded from the selected device profile: [Windows]
[2017.09.08-11.32.59:056][  0]LogInit: Computer: PC-LUCAS
[2017.09.08-11.32.59:056][  0]LogInit: User: Vabene
[2017.09.08-11.32.59:056][  0]LogInit: CPU Page size=4096, Cores=4
[2017.09.08-11.32.59:056][  0]LogInit: High frequency timer resolution =3.234376 MHz
[2017.09.08-11.32.59:056][  0]LogMemory: Memory total: Physical=15.9GB (16GB approx)
[2017.09.08-11.32.59:056][  0]LogMemory: Platform Memory Stats for Windows
[2017.09.08-11.32.59:057][  0]LogMemory: Process Physical Memory: 277.04 MB used, 277.04 MB peak
[2017.09.08-11.32.59:057][  0]LogMemory: Process Virtual Memory: 274.05 MB used, 274.05 MB peak
[2017.09.08-11.32.59:057][  0]LogMemory: Physical Memory: 5696.83 MB used,  10618.21 MB free, 16315.04 MB total
[2017.09.08-11.32.59:057][  0]LogMemory: Virtual Memory: 672.88 MB used,  10618.21 MB free, 134217728.00 MB total
[2017.09.08-11.32.59:152][  0]LogInit: Using OS detected language (fr-FR).
[2017.09.08-11.32.59:152][  0]LogInit: Using OS detected locale (fr-FR).
[2017.09.08-11.32.59:154][  0]LogTextLocalizationManager: No localization for 'fr-FR' exists, so 'en' will be used for the language.
[2017.09.08-11.32.59:154][  0]LogTextLocalizationManager: No localization for 'fr-FR' exists, so 'en' will be used for the locale.
[2017.09.08-11.32.59:708][  0]LogD3D11RHI: D3D11 adapters:
[2017.09.08-11.33.00:250][  0]LogD3D11RHI:    0. 'NVIDIA GeForce GTX 1060 6GB' (Feature Level 11_0)
[2017.09.08-11.33.00:250][  0]LogD3D11RHI:       6084/0/8157 MB DedicatedVideo/DedicatedSystem/SharedSystem, Outputs:1, VendorId:0x10de
[2017.09.08-11.33.00:251][  0]LogD3D11RHI:    1. 'Microsoft Basic Render Driver' (Feature Level 11_0)
[2017.09.08-11.33.00:251][  0]LogD3D11RHI:       0/0/8157 MB DedicatedVideo/DedicatedSystem/SharedSystem, Outputs:0, VendorId:0x1414
[2017.09.08-11.33.00:251][  0]LogD3D11RHI: Chosen D3D11 Adapter: 0
[2017.09.08-11.33.00:256][  0]LogD3D11RHI: Creating new Direct3DDevice
[2017.09.08-11.33.00:257][  0]LogD3D11RHI:     GPU DeviceId: 0x1c03 (for the marketing name, search the web for "GPU Device Id")
[2017.09.08-11.33.00:257][  0]LogWindows: EnumDisplayDevices:
[2017.09.08-11.33.00:257][  0]LogWindows:    0. 'NVIDIA GeForce GTX 1060 6GB' (P:1 D:1)
[2017.09.08-11.33.00:257][  0]LogWindows:    1. 'NVIDIA GeForce GTX 1060 6GB' (P:0 D:0)
[2017.09.08-11.33.00:257][  0]LogWindows:    2. 'NVIDIA GeForce GTX 1060 6GB' (P:0 D:0)
[2017.09.08-11.33.00:257][  0]LogWindows:    3. 'NVIDIA GeForce GTX 1060 6GB' (P:0 D:0)
[2017.09.08-11.33.00:257][  0]LogWindows: DebugString: FoundDriverCount:4 
[2017.09.08-11.33.00:257][  0]LogD3D11RHI:     Adapter Name: NVIDIA GeForce GTX 1060 6GB
[2017.09.08-11.33.00:257][  0]LogD3D11RHI:   Driver Version: 382.05 (internal:22.21.13.8205, unified:382.05)
[2017.09.08-11.33.00:257][  0]LogD3D11RHI:      Driver Date: 5-1-2017
[2017.09.08-11.33.00:257][  0]LogRHI: Texture pool is 1361 MB (70% of 1945 MB)
[2017.09.08-11.33.00:813][  0]LogD3D11RHI: Async texture creation enabled
[2017.09.08-11.33.00:835][  0]LogD3D11RHI: GPU Timing Frequency: 1000.000000 (Debug: 2 1)
[2017.09.08-11.33.00:882][  0]LogShaderCompilers: Guid format shader working directory is 6 characters bigger than the processId version (../../../../git_projet/projet/OurProject/Intermediate/Shaders/WorkingDirectory/13628/).
[2017.09.08-11.33.00:882][  0]LogShaderCompilers: Cleaned the shader compiler working directory 'C:/Users/Vabene/AppData/Local/Temp/UnrealShaderWorkingDir/BFE50C9048512B6CDB2D1ABDF55AD21C/'.
[2017.09.08-11.33.00:882][  0]LogShaderCompilers: Display: Using Local Shader Compiler.
[2017.09.08-11.33.01:607][  0]LogTemp: Display: Loaded TP AllDesktopTargetPlatform
[2017.09.08-11.33.01:639][  0]LogTemp: Display: Loaded TP MacClientTargetPlatform
[2017.09.08-11.33.01:669][  0]LogTemp: Display: Loaded TP MacNoEditorTargetPlatform
[2017.09.08-11.33.01:701][  0]LogTemp: Display: Loaded TP MacServerTargetPlatform
[2017.09.08-11.33.01:733][  0]LogTemp: Display: Loaded TP MacTargetPlatform
[2017.09.08-11.33.01:766][  0]LogTemp: Display: Loaded TP WindowsClientTargetPlatform
[2017.09.08-11.33.01:797][  0]LogTemp: Display: Loaded TP WindowsNoEditorTargetPlatform
[2017.09.08-11.33.01:829][  0]LogTemp: Display: Loaded TP WindowsServerTargetPlatform
[2017.09.08-11.33.01:856][  0]LogTemp: Display: Loaded TP WindowsTargetPlatform
[2017.09.08-11.33.01:888][  0]LogTemp: Display: Loaded TP AndroidTargetPlatform
[2017.09.08-11.33.01:918][  0]LogTemp: Display: Loaded TP Android_ASTCTargetPlatform
[2017.09.08-11.33.01:948][  0]LogTemp: Display: Loaded TP Android_ATCTargetPlatform
[2017.09.08-11.33.01:979][  0]LogTemp: Display: Loaded TP Android_DXTTargetPlatform
[2017.09.08-11.33.02:013][  0]LogTemp: Display: Loaded TP Android_ETC1TargetPlatform
[2017.09.08-11.33.02:053][  0]LogTemp: Display: Loaded TP Android_ETC2TargetPlatform
[2017.09.08-11.33.02:135][  0]LogTemp: Display: Loaded TP Android_MultiTargetPlatform
[2017.09.08-11.33.02:135][  0]LogTemp: Display: Loaded TP Android_PVRTCTargetPlatform
[2017.09.08-11.33.02:164][  0]LogTemp: Display: Loaded TP HTML5TargetPlatform
[2017.09.08-11.33.02:228][  0]LogTemp: Display: Loaded TP IOSTargetPlatform
[2017.09.08-11.33.02:247][  0]LogTemp: Display: Loaded TP TVOSTargetPlatform
[2017.09.08-11.33.02:279][  0]LogTemp: Display: Loaded TP LinuxClientTargetPlatform
[2017.09.08-11.33.02:309][  0]LogTemp: Display: Loaded TP LinuxNoEditorTargetPlatform
[2017.09.08-11.33.02:340][  0]LogTemp: Display: Loaded TP LinuxServerTargetPlatform
[2017.09.08-11.33.02:371][  0]LogTemp: Display: Loaded TP LinuxTargetPlatform
[2017.09.08-11.33.02:371][  0]LogTargetPlatformManager: Display: Building Assets For Windows
[2017.09.08-11.33.02:641][  0]LogDerivedDataCache: Display: Max Cache Size: 512 MB
[2017.09.08-11.33.02:732][  0]LogDerivedDataCache: Loaded boot cache 0.09s 93MB C:/Users/Vabene/AppData/Local/UnrealEngine/4.17/DerivedDataCache/Boot.ddc.
[2017.09.08-11.33.02:732][  0]LogDerivedDataCache: Display: Loaded Boot cache: C:/Users/Vabene/AppData/Local/UnrealEngine/4.17/DerivedDataCache/Boot.ddc
[2017.09.08-11.33.02:732][  0]LogDerivedDataCache: FDerivedDataBackendGraph:  Pak pak cache file ../../../../git_projet/projet/OurProject/DerivedDataCache/DDC.ddp not found, will not use a pak cache.
[2017.09.08-11.33.02:732][  0]LogDerivedDataCache: Unable to find inner node Pak for hierarchical cache Hierarchy.
[2017.09.08-11.33.02:732][  0]LogDerivedDataCache: FDerivedDataBackendGraph:  CompressedPak pak cache file ../../../../git_projet/projet/OurProject/DerivedDataCache/Compressed.ddp not found, will not use a pak cache.
[2017.09.08-11.33.02:732][  0]LogDerivedDataCache: Unable to find inner node CompressedPak for hierarchical cache Hierarchy.
[2017.09.08-11.33.02:747][  0]LogDerivedDataCache: Display: Pak cache opened for reading ../../../Engine/DerivedDataCache/Compressed.ddp.
[2017.09.08-11.33.02:760][  0]LogDerivedDataCache: Using Local data cache path C:/Users/Vabene/AppData/Local/UnrealEngine/Common/DerivedDataCache: Writable
[2017.09.08-11.33.02:769][  0]LogMaterial: Verifying Global Shaders for PCD3D_SM5
[2017.09.08-11.33.02:769][  0]LogSlate: Using Freetype 2.6.0
[2017.09.08-11.33.02:770][  0]LogSlate: SlateFontCache - WITH_FREETYPE: 1, WITH_HARFBUZZ: 1
[2017.09.08-11.33.02:770][  0]LogSlate: SlateFontCache - WITH_FREETYPE: 1, WITH_HARFBUZZ: 1
[2017.09.08-11.33.02:995][  0]LogAssetRegistry: FAssetRegistry took 0.0252 seconds to start up
[2017.09.08-11.33.03:086][  0]LogInit: Selected Device Profile: [Windows]
[2017.09.08-11.33.03:201][  0]LogContentStreaming: Texture pool size is 0.00 MB
[2017.09.08-11.33.03:395][  0]LogSimplygon: Simplygon DLL not present - disabling.
[2017.09.08-11.33.03:418][  0]LogMeshReduction: Using SimplygonSwarm for distributed automatic mesh merging
[2017.09.08-11.33.03:418][  0]LogMeshReduction: Using QuadricMeshReduction for automatic static mesh reduction
[2017.09.08-11.33.03:418][  0]LogMeshReduction: No automatic skeletal mesh reduction module available
[2017.09.08-11.33.03:418][  0]LogMeshReduction: No automatic mesh merging module available
[2017.09.08-11.33.03:418][  0]LogMeshMerging: No automatic mesh merging module available
[2017.09.08-11.33.03:699][  0]LogNetVersion: OurProject , NetCL: 3573198, EngineNetVer: 2, GameNetVer: 0 (Checksum: 3665684938)
[2017.09.08-11.33.03:838][  0]LogPackageLocalizationCache: Processed 5 localized package path(s) for 1 prioritized culture(s) in 0.019134 seconds
[2017.09.08-11.33.03:844][  0]LogUObjectArray: 35825 objects as part of root set at end of initial load.
[2017.09.08-11.33.03:844][  0]LogUObjectAllocator: 7529104 out of 0 bytes used by permanent object pool.
[2017.09.08-11.33.03:844][  0]LogUObjectArray: CloseDisregardForGC: 0/0 objects in disregard for GC pool
[2017.09.08-11.33.03:876][  0]LogInit: WinSock: version 1.1 (2.2), MaxSocks=32767, MaxUdp=65467
[2017.09.08-11.33.05:622][  0]LogTcpMessaging: Initializing TcpMessaging bridge
[2017.09.08-11.33.05:649][  0]LogUdpMessaging: Initializing bridge on interface 0.0.0.0:0 to multicast group 230.0.0.1:6666.
[2017.09.08-11.33.06:036][  0]LogMaterial: Uniform references updated for custom material expression Custom.
[2017.09.08-11.33.06:286][  0]SourceControl: Source control is disabled
[2017.09.08-11.33.06:855][  0]LogAndroidPermission: UAndroidPermissionCallbackProxy::GetInstance
[2017.09.08-11.33.06:990][  0]LogOcInput: OculusInput pre-init called
[2017.09.08-11.33.07:146][  0]LogEngine: Initializing Engine...
[2017.09.08-11.33.07:148][  0]LogHMD: Failed to initialize OpenVR with code 110
[2017.09.08-11.33.07:347][  0]LogStats: UGameplayTagsManager::ConstructGameplayTagTree: Construct from data asset -  0.000 s
[2017.09.08-11.33.07:347][  0]LogStats: UGameplayTagsManager::ConstructGameplayTagTree: GameplayTagTreeChangedEvent.Broadcast -  0.000 s
[2017.09.08-11.33.07:418][  0]LogAIModule: Creating AISystem for world Untitled
[2017.09.08-11.33.07:427][  0]LogInit: XAudio2 using 'Haut-parleurs (USB Audio Device)' : 2 channels at 44.1 kHz using 16 bits per sample (channel mask 0x3)
[2017.09.08-11.33.07:437][  0]LogInit: FAudioDevice initialized.
[2017.09.08-11.33.07:644][  0]LogDerivedDataCache: Saved boot cache 0.21s 93MB C:/Users/Vabene/AppData/Local/UnrealEngine/4.17/DerivedDataCache/Boot.ddc.
[2017.09.08-11.33.07:649][  0]LogInit: Texture streaming: Enabled
[2017.09.08-11.33.07:709][  0]LogEngineSessionManager: EngineSessionManager initialized
[2017.09.08-11.33.07:831][  0]LogInit: Transaction tracking system initialized
[2017.09.08-11.33.08:005][  0]BlueprintLog: New page: Editor Load
[2017.09.08-11.33.08:498][  0]LocalizationService: Localization service is disabled
[2017.09.08-11.33.08:912][  0]LogConsoleResponse: Display: 
[2017.09.08-11.33.09:051][  0]LogCook: Display: Max memory allowance for cook 16384mb min free memory 0mb
[2017.09.08-11.33.09:051][  0]LogCook: Display: Mobile HDR setting 1
[2017.09.08-11.33.09:051][  0]LogGameplayTags: Display: UGameplayTagsManager::DoneAddingNativeTags. DelegateIsBound: 0
[2017.09.08-11.33.09:623][  0]LogFileCache: Scanning file cache for directory 'F:/git_projet/projet/OurProject/Content/' took 0.01s
[2017.09.08-11.33.09:623][  0]Cmd: MAP LOAD FILE="../../../../git_projet/projet/OurProject/Content/SideScrollerBP/Maps/SideScrollerExampleMap.umap" TEMPLATE=0 SHOWPROGRESS=1 FEATURELEVEL=3
[2017.09.08-11.33.09:623][  0]LightingResults: New page: Lighting Build
[2017.09.08-11.33.09:646][  0]MapCheck: New page: Map Check
[2017.09.08-11.33.09:646][  0]LightingResults: New page: Lighting Build
[2017.09.08-11.33.09:975][  0]LogAIModule: Creating AISystem for world SideScrollerExampleMap
[2017.09.08-11.33.09:983][  0]LogEditorServer: Finished looking for orphan Actors (0.000 secs)
[2017.09.08-11.33.10:005][  0]Cmd: MAP CHECKDEP NOCLEARLOG
[2017.09.08-11.33.10:034][  0]MapCheck: Map check complete: 0 Error(s), 0 Warning(s), took 29.453ms to complete.
[2017.09.08-11.33.10:034][  0]LogFileHelpers: Loading map 'SideScrollerExampleMap' took 0.412
[2017.09.08-11.33.10:093][  0]LogWindowsTextInputMethodSystem: Display: IME system now deactivated.
[2017.09.08-11.33.10:194][  0]LogSlate: Took 0.000496 seconds to synchronously load lazily loaded font '../../../Engine/Content/Slate/Fonts/Roboto-Regular.ttf' (155K)
[2017.09.08-11.33.10:196][  0]LogSlate: Took 0.000135 seconds to synchronously load lazily loaded font '../../../Engine/Content/Slate/Fonts/Roboto-Bold.ttf' (160K)
[2017.09.08-11.33.10:280][  0]LogRenderer: Reallocating scene render targets to support 720x592 Format 10 NumSamples 1 (Frame:1).
[2017.09.08-11.33.10:407][  0]LogLoad: (Engine Initialization) Total time: 12.38 seconds
[2017.09.08-11.33.10:407][  0]LogLoad: (Engine Initialization) Total Blueprint compile time: 0.00 seconds
[2017.09.08-11.33.10:407][  0]LogExternalProfiler: No external profilers were discovered.  External profiling features will not be available.
[2017.09.08-11.33.10:433][  0]LogAssetRegistry: Asset discovery search completed in 7.4588 seconds
[2017.09.08-11.33.10:447][  0]LogCollectionManager: Loaded 0 collections in 0.001068 seconds
[2017.09.08-11.33.10:482][  0]LogFileCache: Scanning file cache for directory 'F:/git_projet/projet/OurProject/Saved/Collections/' took 0.01s
[2017.09.08-11.33.10:482][  0]LogFileCache: Scanning file cache for directory 'F:/git_projet/projet/OurProject/Content/Developers/Vabene/Collections/' took 0.01s
[2017.09.08-11.33.10:482][  0]LogFileCache: Scanning file cache for directory 'F:/git_projet/projet/OurProject/Content/Collections/' took 0.01s
[2017.09.08-11.33.10:482][  0]LogCollectionManager: Rebuilt the object cache for 0 collections in 0.000001 seconds (found 0 objects)
[2017.09.08-11.33.10:482][  0]LogCollectionManager: Fixed up redirectors for 0 collections in 0.000087 seconds (updated 0 objects)
[2017.09.08-11.33.10:485][  0]SourceControl: On branch master
[2017.09.08-11.33.10:485][  0]SourceControl: Your branch and 'origin/master' have diverged,
[2017.09.08-11.33.10:485][  0]SourceControl: and have 2 and 2 different commits each, respectively.
[2017.09.08-11.33.10:485][  0]SourceControl:   (use "git pull" to merge the remote branch into yours)
[2017.09.08-11.33.10:485][  0]SourceControl: You have unmerged paths.
[2017.09.08-11.33.10:485][  0]SourceControl:   (fix conflicts and run "git commit")
[2017.09.08-11.33.10:485][  0]SourceControl:   (use "git merge --abort" to abort the merge)
[2017.09.08-11.33.10:485][  0]SourceControl: Changes to be committed:
[2017.09.08-11.33.10:485][  0]SourceControl: 	new file:   OurProject/Saved/Autosaves/Engine/Tutorial/SubEditors/TutorialAssets/Character/TutorialTPP_AnimBlueprint_Auto2.uasset
[2017.09.08-11.33.10:485][  0]SourceControl: 	new file:   OurProject/Saved/Backup/SideScrollerExampleMap_2017-09-04-16-17-19.umap
[2017.09.08-11.33.10:485][  0]SourceControl: 	new file:   OurProject/Saved/Backup/SideScrollerExampleMap_2017-09-04-17-01-26.umap
[2017.09.08-11.33.10:485][  0]SourceControl: 	new file:   OurProject/Saved/Backup/TutorialTPP_AnimBlueprint_2017-09-04-16-27-28.uasset
[2017.09.08-11.33.10:485][  0]SourceControl: 	new file:   OurProject/Saved/Backup/TutorialTPP_AnimBlueprint_2017-09-04-17-02-25.uasset
[2017.09.08-11.33.10:485][  0]SourceControl: 	new file:   OurProject/Saved/Config/CrashReportClient/UE4CC-Windows-D889747F449342BAD981DEA84255205C/CrashReportClient.ini
[2017.09.08-11.33.10:485][  0]SourceControl: 	new file:   OurProject/Saved/Logs/OurProject-backup-2017.09.04-17.05.31.log
[2017.09.08-11.33.10:485][  0]SourceControl: Unmerged paths:
[2017.09.08-11.33.10:485][  0]SourceControl:   (use "git add <file>..." to mark resolution)
[2017.09.08-11.33.10:485][  0]SourceControl: 	both modified:   OurProject/Content/SideScrollerBP/Maps/SideScrollerExampleMap.umap
[2017.09.08-11.33.10:485][  0]SourceControl: 	both added:      OurProject/Intermediate/AssetRegistryCache/c90e3f55.bin
[2017.09.08-11.33.10:485][  0]SourceControl: 	both modified:   OurProject/Intermediate/CachedAssetRegistry.bin
[2017.09.08-11.33.10:485][  0]SourceControl: 	both added:      OurProject/Saved/AutoScreenshot.png
[2017.09.08-11.33.10:485][  0]SourceControl: 	both added:      OurProject/Saved/Autosaves/Game/SideScrollerBP/Maps/SideScrollerExampleMap_Auto1.umap
[2017.09.08-11.33.10:485][  0]SourceControl: 	both modified:   OurProject/Saved/Config/Windows/EditorPerProjectUserSettings.ini
[2017.09.08-11.33.10:485][  0]SourceControl: 	both modified:   OurProject/Saved/Logs/OurProject.log
[2017.09.08-11.33.10:485][  0]SourceControl: Changes not staged for commit:
[2017.09.08-11.33.10:485][  0]SourceControl:   (use "git add/rm <file>..." to update what will be committed)
[2017.09.08-11.33.10:485][  0]SourceControl:   (use "git checkout -- <file>..." to discard changes in working directory)
[2017.09.08-11.33.10:485][  0]SourceControl: 	deleted:    OurProject/Saved/Config/CrashReportClient/UE4CC-Windows-E2A7AF1346439E71B1EB2E87B742DB84/CrashReportClient.ini
[2017.09.08-11.33.10:485][  0]SourceControl: 	deleted:    OurProject/Saved/Config/CrashReportClient/UE4CC-Windows-FD5EDDA04E76F6E38745538214890FED/CrashReportClient.ini
[2017.09.08-11.33.10:485][  0]SourceControl: 	modified:   OurProject/Saved/Config/Windows/Engine.ini
[2017.09.08-11.33.10:485][  0]SourceControl: Untracked files:
[2017.09.08-11.33.10:485][  0]SourceControl:   (use "git add <file>..." to include in what will be committed)
[2017.09.08-11.33.10:485][  0]SourceControl: 	OurProject/Saved/Config/CrashReportClient/UE4CC-Windows-800BBCD8489640725E1A1FB8E0E7EB08/
[2017.09.08-11.33.10:485][  0]SourceControl: 	OurProject/Saved/Config/CrashReportClient/UE4CC-Windows-BF3D0ED3480BF74C442903915E0F28C8/
[2017.09.08-11.33.10:485][  0]SourceControl: 	OurProject/Saved/Logs/OurProject-backup-2017.09.08-13.32.10.log
[2017.09.08-11.33.10:485][  0]SourceControl: 	OurProject/Saved/Logs/OurProject-backup-2017.09.08-13.32.58.log
[2017.09.08-11.33.10:486][  0]LogContentStreaming: Texture pool size now 1000 MB
[2017.09.08-11.33.25:341][737]LogSlate: Took 0.082932 seconds to synchronously load lazily loaded font '../../../Engine/Content/Slate/Fonts/Roboto-Light.ttf' (159K)
[2017.09.08-11.33.25:614][737]LogSavePackage: Save=212.52ms
[2017.09.08-11.33.25:614][737]LogSavePackage: Moving '../../../../git_projet/projet/OurProject/Saved/SideScrollerExampleMap7DEEEB2E457E45511216C4BCC4AFB4E4.tmp' to '../../../../git_projet/projet/OurProject/Content/SideScrollerBP/Maps/SideScrollerExampleMap.umap'
[2017.09.08-11.33.25:616][737]LogSavePackage: Display: Finished SavePackage ../../../../git_projet/projet/OurProject/Content/SideScrollerBP/Maps/SideScrollerExampleMap.umap
[2017.09.08-11.33.26:159][737]LogSavePackage: Save=316.47ms
[2017.09.08-11.33.26:159][737]LogSavePackage: Moving '../../../../git_projet/projet/OurProject/Saved/SideScrollerExampleMap_BuiltData9DB078C54721F3C31EA081A4DDB6566C.tmp' to '../../../../git_projet/projet/OurProject/Content/SideScrollerBP/Maps/SideScrollerExampleMap_BuiltData.uasset'
[2017.09.08-11.33.26:161][737]LogSavePackage: Display: Finished SavePackage ../../../../git_projet/projet/OurProject/Content/SideScrollerBP/Maps/SideScrollerExampleMap_BuiltData.uasset
